<?xml version="1.0" encoding="UTF-8"?>
<testng-results ignored="0" total="7" passed="6" failed="1" skipped="0">
  <reporter-output>
  </reporter-output>
  <suite started-at="2024-01-24T13:00:49 IST" name="Suite" finished-at="2024-01-24T13:06:19 IST" duration-ms="329167">
    <groups>
    </groups>
    <test started-at="2024-01-24T13:00:49 IST" name="Test" finished-at="2024-01-24T13:06:19 IST" duration-ms="329167">
      <class name="testClassesPages.TC04_SignInSection">
        <test-method is-config="true" signature="setUp()[pri:0, instance:testClassesPages.TC04_SignInSection@6253c26]" started-at="2024-01-24T13:05:17 IST" name="setUp" finished-at="2024-01-24T13:05:34 IST" duration-ms="17683" status="PASS">
          <reporter-output>
          </reporter-output>
        </test-method> <!-- setUp -->
        <test-method signature="testSignInSectionFunctionality()[pri:0, instance:testClassesPages.TC04_SignInSection@6253c26]" started-at="2024-01-24T13:05:34 IST" name="testSignInSectionFunctionality" finished-at="2024-01-24T13:05:47 IST" duration-ms="12341" status="PASS">
          <reporter-output>
          </reporter-output>
        </test-method> <!-- testSignInSectionFunctionality -->
        <test-method is-config="true" signature="After()[pri:0, instance:testClassesPages.TC04_SignInSection@6253c26]" started-at="2024-01-24T13:05:47 IST" name="After" finished-at="2024-01-24T13:05:47 IST" duration-ms="618" status="PASS">
          <reporter-output>
          </reporter-output>
        </test-method> <!-- After -->
      </class> <!-- testClassesPages.TC04_SignInSection -->
      <class name="testClassesPages.TC03_WatchDemoForm">
        <test-method is-config="true" signature="setUp()[pri:0, instance:testClassesPages.TC03_WatchDemoForm@67f639d3]" started-at="2024-01-24T13:03:57 IST" name="setUp" finished-at="2024-01-24T13:04:25 IST" duration-ms="27421" status="PASS">
          <reporter-output>
          </reporter-output>
        </test-method> <!-- setUp -->
        <test-method signature="testWatchDemoLinkFunctionality()[pri:0, instance:testClassesPages.TC03_WatchDemoForm@67f639d3]" started-at="2024-01-24T13:04:25 IST" name="testWatchDemoLinkFunctionality" finished-at="2024-01-24T13:04:44 IST" duration-ms="19088" status="PASS">
          <reporter-output>
          </reporter-output>
        </test-method> <!-- testWatchDemoLinkFunctionality -->
        <test-method signature="TestwatchDemoForm()[pri:0, instance:testClassesPages.TC03_WatchDemoForm@67f639d3]" started-at="2024-01-24T13:04:44 IST" name="TestwatchDemoForm" finished-at="2024-01-24T13:05:16 IST" duration-ms="32201" status="PASS">
          <reporter-output>
          </reporter-output>
        </test-method> <!-- TestwatchDemoForm -->
        <test-method is-config="true" signature="After()[pri:0, instance:testClassesPages.TC03_WatchDemoForm@67f639d3]" started-at="2024-01-24T13:05:16 IST" name="After" finished-at="2024-01-24T13:05:17 IST" duration-ms="655" status="PASS">
          <reporter-output>
          </reporter-output>
        </test-method> <!-- After -->
      </class> <!-- testClassesPages.TC03_WatchDemoForm -->
      <class name="testClassesPages.TC02_WatchDemo">
        <test-method is-config="true" signature="setUp()[pri:0, instance:testClassesPages.TC02_WatchDemo@290222c1]" started-at="2024-01-24T13:02:21 IST" name="setUp" finished-at="2024-01-24T13:02:53 IST" duration-ms="31680" status="PASS">
          <reporter-output>
          </reporter-output>
        </test-method> <!-- setUp -->
        <test-method signature="testWatchDemoLinkFunctionality()[pri:0, instance:testClassesPages.TC02_WatchDemo@290222c1]" started-at="2024-01-24T13:02:53 IST" name="testWatchDemoLinkFunctionality" finished-at="2024-01-24T13:03:41 IST" duration-ms="47717" status="PASS">
          <reporter-output>
          </reporter-output>
        </test-method> <!-- testWatchDemoLinkFunctionality -->
        <test-method is-config="true" signature="After()[pri:0, instance:testClassesPages.TC02_WatchDemo@290222c1]" started-at="2024-01-24T13:03:41 IST" name="After" finished-at="2024-01-24T13:03:57 IST" duration-ms="16457" status="PASS">
          <reporter-output>
          </reporter-output>
        </test-method> <!-- After -->
      </class> <!-- testClassesPages.TC02_WatchDemo -->
      <class name="testClassesPages.TC01_UrlPageTitle">
        <test-method is-config="true" signature="setUp()[pri:0, instance:testClassesPages.TC01_UrlPageTitle@12aba8be]" started-at="2024-01-24T13:00:50 IST" name="setUp" finished-at="2024-01-24T13:02:12 IST" duration-ms="82833" status="PASS">
          <reporter-output>
          </reporter-output>
        </test-method> <!-- setUp -->
        <test-method signature="testPageTitle()[pri:0, instance:testClassesPages.TC01_UrlPageTitle@12aba8be]" started-at="2024-01-24T13:02:12 IST" name="testPageTitle" finished-at="2024-01-24T13:02:13 IST" duration-ms="511" status="PASS">
          <reporter-output>
          </reporter-output>
        </test-method> <!-- testPageTitle -->
        <test-method is-config="true" signature="After()[pri:0, instance:testClassesPages.TC01_UrlPageTitle@12aba8be]" started-at="2024-01-24T13:02:13 IST" name="After" finished-at="2024-01-24T13:02:21 IST" duration-ms="8438" status="PASS">
          <reporter-output>
          </reporter-output>
        </test-method> <!-- After -->
      </class> <!-- testClassesPages.TC01_UrlPageTitle -->
      <class name="testClassesPages.TC05_SignInForm">
        <test-method is-config="true" signature="setUp()[pri:0, instance:testClassesPages.TC05_SignInForm@49049a04]" started-at="2024-01-24T13:05:47 IST" name="setUp" finished-at="2024-01-24T13:06:07 IST" duration-ms="19800" status="PASS">
          <reporter-output>
          </reporter-output>
        </test-method> <!-- setUp -->
        <test-method signature="testSignInSectionFunctionality()[pri:0, instance:testClassesPages.TC05_SignInForm@49049a04]" started-at="2024-01-24T13:06:07 IST" name="testSignInSectionFunctionality" finished-at="2024-01-24T13:06:15 IST" duration-ms="7492" status="PASS">
          <reporter-output>
          </reporter-output>
        </test-method> <!-- testSignInSectionFunctionality -->
        <test-method signature="testSignInForm()[pri:0, instance:testClassesPages.TC05_SignInForm@49049a04]" started-at="2024-01-24T13:06:15 IST" name="testSignInForm" finished-at="2024-01-24T13:06:18 IST" duration-ms="3075" status="FAIL">
          <exception class="org.openqa.selenium.ElementClickInterceptedException">
            <message>
              <![CDATA[element click intercepted: Element <a class="button-default solid-dark-button" href="https://sso.entrata.com/entrata/login" title="Client Login Button">...</a> is not clickable at point (147, 519). Other element would receive the click: <div class="cookie-consent-form" style="bottom: 0px;">...</div>
  (Session info: chrome=120.0.6099.225)
Build info: version: '3.141.59', revision: 'e82be7d358', time: '2018-11-14T08:17:03'
System info: host: 'DESKTOP-GFJULR8', ip: '192.168.43.215', os.name: 'Windows 10', os.arch: 'amd64', os.version: '10.0', java.version: '17.0.10'
Driver info: org.openqa.selenium.chrome.ChromeDriver
Capabilities {acceptInsecureCerts: false, browserName: chrome, browserVersion: 120.0.6099.225, chrome: {chromedriverVersion: 120.0.6099.109 (3419140ab66..., userDataDir: C:\Users\mustk\AppData\Loca...}, fedcm:accounts: true, goog:chromeOptions: {debuggerAddress: localhost:57378}, javascriptEnabled: true, networkConnectionEnabled: false, pageLoadStrategy: normal, platform: WINDOWS, platformName: WINDOWS, proxy: Proxy(), setWindowRect: true, strictFileInteractability: false, timeouts: {implicit: 0, pageLoad: 300000, script: 30000}, unhandledPromptBehavior: dismiss and notify, webauthn:extension:credBlob: true, webauthn:extension:largeBlob: true, webauthn:extension:minPinLength: true, webauthn:extension:prf: true, webauthn:virtualAuthenticators: true}
Session ID: 0a51bb67e834e53152ccbae12441a7ae]]>
            </message>
            <full-stacktrace>
              <![CDATA[org.openqa.selenium.ElementClickInterceptedException: element click intercepted: Element <a class="button-default solid-dark-button" href="https://sso.entrata.com/entrata/login" title="Client Login Button">...</a> is not clickable at point (147, 519). Other element would receive the click: <div class="cookie-consent-form" style="bottom: 0px;">...</div>
  (Session info: chrome=120.0.6099.225)
Build info: version: '3.141.59', revision: 'e82be7d358', time: '2018-11-14T08:17:03'
System info: host: 'DESKTOP-GFJULR8', ip: '192.168.43.215', os.name: 'Windows 10', os.arch: 'amd64', os.version: '10.0', java.version: '17.0.10'
Driver info: org.openqa.selenium.chrome.ChromeDriver
Capabilities {acceptInsecureCerts: false, browserName: chrome, browserVersion: 120.0.6099.225, chrome: {chromedriverVersion: 120.0.6099.109 (3419140ab66..., userDataDir: C:\Users\mustk\AppData\Loca...}, fedcm:accounts: true, goog:chromeOptions: {debuggerAddress: localhost:57378}, javascriptEnabled: true, networkConnectionEnabled: false, pageLoadStrategy: normal, platform: WINDOWS, platformName: WINDOWS, proxy: Proxy(), setWindowRect: true, strictFileInteractability: false, timeouts: {implicit: 0, pageLoad: 300000, script: 30000}, unhandledPromptBehavior: dismiss and notify, webauthn:extension:credBlob: true, webauthn:extension:largeBlob: true, webauthn:extension:minPinLength: true, webauthn:extension:prf: true, webauthn:virtualAuthenticators: true}
Session ID: 0a51bb67e834e53152ccbae12441a7ae
at java.base/jdk.internal.reflect.NativeConstructorAccessorImpl.newInstance0(Native Method)
at java.base/jdk.internal.reflect.NativeConstructorAccessorImpl.newInstance(NativeConstructorAccessorImpl.java:77)
at java.base/jdk.internal.reflect.DelegatingConstructorAccessorImpl.newInstance(DelegatingConstructorAccessorImpl.java:45)
at java.base/java.lang.reflect.Constructor.newInstanceWithCaller(Constructor.java:499)
at java.base/java.lang.reflect.Constructor.newInstance(Constructor.java:480)
at org.openqa.selenium.remote.http.W3CHttpResponseCodec.createException(W3CHttpResponseCodec.java:187)
at org.openqa.selenium.remote.http.W3CHttpResponseCodec.decode(W3CHttpResponseCodec.java:122)
at org.openqa.selenium.remote.http.W3CHttpResponseCodec.decode(W3CHttpResponseCodec.java:49)
at org.openqa.selenium.remote.HttpCommandExecutor.execute(HttpCommandExecutor.java:158)
at org.openqa.selenium.remote.service.DriverCommandExecutor.execute(DriverCommandExecutor.java:83)
at org.openqa.selenium.remote.RemoteWebDriver.execute(RemoteWebDriver.java:552)
at org.openqa.selenium.remote.RemoteWebElement.execute(RemoteWebElement.java:285)
at org.openqa.selenium.remote.RemoteWebElement.click(RemoteWebElement.java:84)
at testClassesPages.TC05_SignInForm.testSignInForm(TC05_SignInForm.java:20)
at java.base/jdk.internal.reflect.NativeMethodAccessorImpl.invoke0(Native Method)
at java.base/jdk.internal.reflect.NativeMethodAccessorImpl.invoke(NativeMethodAccessorImpl.java:77)
at java.base/jdk.internal.reflect.DelegatingMethodAccessorImpl.invoke(DelegatingMethodAccessorImpl.java:43)
at java.base/java.lang.reflect.Method.invoke(Method.java:568)
at org.testng.internal.MethodInvocationHelper.invokeMethod(MethodInvocationHelper.java:133)
at org.testng.internal.TestInvoker.invokeMethod(TestInvoker.java:598)
at org.testng.internal.TestInvoker.invokeTestMethod(TestInvoker.java:173)
at org.testng.internal.MethodRunner.runInSequence(MethodRunner.java:46)
at org.testng.internal.TestInvoker$MethodInvocationAgent.invoke(TestInvoker.java:824)
at org.testng.internal.TestInvoker.invokeTestMethods(TestInvoker.java:146)
at org.testng.internal.TestMethodWorker.invokeTestMethods(TestMethodWorker.java:146)
at org.testng.internal.TestMethodWorker.run(TestMethodWorker.java:128)
at java.base/java.util.ArrayList.forEach(ArrayList.java:1511)
at org.testng.TestRunner.privateRun(TestRunner.java:794)
at org.testng.TestRunner.run(TestRunner.java:596)
at org.testng.SuiteRunner.runTest(SuiteRunner.java:377)
at org.testng.SuiteRunner.runSequentially(SuiteRunner.java:371)
at org.testng.SuiteRunner.privateRun(SuiteRunner.java:332)
at org.testng.SuiteRunner.run(SuiteRunner.java:276)
at org.testng.SuiteRunnerWorker.runSuite(SuiteRunnerWorker.java:53)
at org.testng.SuiteRunnerWorker.run(SuiteRunnerWorker.java:96)
at org.testng.TestNG.runSuitesSequentially(TestNG.java:1212)
at org.testng.TestNG.runSuitesLocally(TestNG.java:1134)
at org.testng.TestNG.runSuites(TestNG.java:1063)
at org.testng.TestNG.run(TestNG.java:1031)
at org.testng.remote.AbstractRemoteTestNG.run(AbstractRemoteTestNG.java:115)
at org.testng.remote.RemoteTestNG.initAndRun(RemoteTestNG.java:251)
at org.testng.remote.RemoteTestNG.main(RemoteTestNG.java:77)
]]>
            </full-stacktrace>
          </exception> <!-- org.openqa.selenium.ElementClickInterceptedException -->
          <reporter-output>
          </reporter-output>
        </test-method> <!-- testSignInForm -->
        <test-method is-config="true" signature="After()[pri:0, instance:testClassesPages.TC05_SignInForm@49049a04]" started-at="2024-01-24T13:06:18 IST" name="After" finished-at="2024-01-24T13:06:19 IST" duration-ms="1056" status="PASS">
          <reporter-output>
          </reporter-output>
        </test-method> <!-- After -->
      </class> <!-- testClassesPages.TC05_SignInForm -->
    </test> <!-- Test -->
  </suite> <!-- Suite -->
</testng-results>
